{
  "/Users/abrahamtorres/Documents/repositorios/chiyo_test/src/constants/error_messages.js": {
    "path": "/Users/abrahamtorres/Documents/repositorios/chiyo_test/src/constants/error_messages.js",
    "statementMap": {
      "0": {
        "start": { "line": 1, "column": 38 },
        "end": { "line": 1, "column": 54 }
      },
      "1": {
        "start": { "line": 3, "column": 2 },
        "end": { "line": 3, "column": 82 }
      },
      "2": {
        "start": { "line": 5, "column": 2 },
        "end": { "line": 5, "column": 122 }
      },
      "3": {
        "start": { "line": 7, "column": 2 },
        "end": { "line": 7, "column": 101 }
      },
      "4": {
        "start": { "line": 9, "column": 2 },
        "end": { "line": 9, "column": 45 }
      }
    },
    "fnMap": {},
    "branchMap": {},
    "s": { "0": 1, "1": 1, "2": 1, "3": 1, "4": 1 },
    "f": {},
    "b": {},
    "_coverageSchema": "1a1c01bbd47fc00a2c39e90264f33305004495a9",
    "hash": "09c6b7996ad5c57ac366c7749ac0763562b08915"
  },
  "/Users/abrahamtorres/Documents/repositorios/chiyo_test/src/controllers/ping.js": {
    "path": "/Users/abrahamtorres/Documents/repositorios/chiyo_test/src/controllers/ping.js",
    "statementMap": {
      "0": {
        "start": { "line": 1, "column": 13 },
        "end": { "line": 6, "column": 1 }
      },
      "1": {
        "start": { "line": 2, "column": 2 },
        "end": { "line": 2, "column": 62 }
      },
      "2": {
        "start": { "line": 3, "column": 2 },
        "end": { "line": 5, "column": 5 }
      }
    },
    "fnMap": {
      "0": {
        "name": "(anonymous_0)",
        "decl": {
          "start": { "line": 1, "column": 13 },
          "end": { "line": 1, "column": 14 }
        },
        "loc": {
          "start": { "line": 1, "column": 27 },
          "end": { "line": 6, "column": 1 }
        },
        "line": 1
      }
    },
    "branchMap": {},
    "s": { "0": 1, "1": 1, "2": 1 },
    "f": { "0": 1 },
    "b": {},
    "_coverageSchema": "1a1c01bbd47fc00a2c39e90264f33305004495a9",
    "hash": "6728c1940a26b4da968eb36f4fcf633a5322c417"
  },
  "/Users/abrahamtorres/Documents/repositorios/chiyo_test/src/middlewares/session.js": {
    "path": "/Users/abrahamtorres/Documents/repositorios/chiyo_test/src/middlewares/session.js",
    "statementMap": {
      "0": {
        "start": { "line": 11, "column": 22 },
        "end": { "line": 29, "column": 1 }
      },
      "1": {
        "start": { "line": 12, "column": 2 },
        "end": { "line": 14, "column": 3 }
      },
      "2": {
        "start": { "line": 13, "column": 4 },
        "end": { "line": 13, "column": 68 }
      },
      "3": {
        "start": { "line": 16, "column": 58 },
        "end": { "line": 16, "column": 62 }
      },
      "4": {
        "start": { "line": 18, "column": 2 },
        "end": { "line": 20, "column": 3 }
      },
      "5": {
        "start": { "line": 19, "column": 4 },
        "end": { "line": 19, "column": 75 }
      },
      "6": {
        "start": { "line": 22, "column": 15 },
        "end": { "line": 22, "column": 48 }
      },
      "7": {
        "start": { "line": 24, "column": 2 },
        "end": { "line": 26, "column": 3 }
      },
      "8": {
        "start": { "line": 25, "column": 4 },
        "end": { "line": 25, "column": 74 }
      },
      "9": {
        "start": { "line": 28, "column": 2 },
        "end": { "line": 28, "column": 27 }
      },
      "10": {
        "start": { "line": 31, "column": 22 },
        "end": { "line": 53, "column": 1 }
      },
      "11": {
        "start": { "line": 33, "column": 36 },
        "end": { "line": 33, "column": 59 }
      },
      "12": {
        "start": { "line": 35, "column": 2 },
        "end": { "line": 37, "column": 3 }
      },
      "13": {
        "start": { "line": 36, "column": 4 },
        "end": { "line": 36, "column": 46 }
      },
      "14": {
        "start": { "line": 39, "column": 2 },
        "end": { "line": 44, "column": 3 }
      },
      "15": {
        "start": { "line": 40, "column": 4 },
        "end": { "line": 40, "column": 49 }
      },
      "16": {
        "start": { "line": 42, "column": 4 },
        "end": { "line": 42, "column": 57 }
      },
      "17": {
        "start": { "line": 43, "column": 4 },
        "end": { "line": 43, "column": 48 }
      },
      "18": {
        "start": { "line": 46, "column": 2 },
        "end": { "line": 52, "column": 3 }
      },
      "19": {
        "start": { "line": 47, "column": 4 },
        "end": { "line": 47, "column": 69 }
      },
      "20": {
        "start": { "line": 48, "column": 4 },
        "end": { "line": 48, "column": 43 }
      },
      "21": {
        "start": { "line": 49, "column": 4 },
        "end": { "line": 49, "column": 11 }
      },
      "22": {
        "start": { "line": 51, "column": 4 },
        "end": { "line": 51, "column": 57 }
      }
    },
    "fnMap": {
      "0": {
        "name": "(anonymous_0)",
        "decl": {
          "start": { "line": 11, "column": 22 },
          "end": { "line": 11, "column": 23 }
        },
        "loc": {
          "start": { "line": 11, "column": 32 },
          "end": { "line": 29, "column": 1 }
        },
        "line": 11
      },
      "1": {
        "name": "(anonymous_1)",
        "decl": {
          "start": { "line": 31, "column": 22 },
          "end": { "line": 31, "column": 23 }
        },
        "loc": {
          "start": { "line": 31, "column": 48 },
          "end": { "line": 53, "column": 1 }
        },
        "line": 31
      }
    },
    "branchMap": {
      "0": {
        "loc": {
          "start": { "line": 12, "column": 2 },
          "end": { "line": 14, "column": 3 }
        },
        "type": "if",
        "locations": [
          {
            "start": { "line": 12, "column": 2 },
            "end": { "line": 14, "column": 3 }
          },
          { "start": {}, "end": {} }
        ],
        "line": 12
      },
      "1": {
        "loc": {
          "start": { "line": 18, "column": 2 },
          "end": { "line": 20, "column": 3 }
        },
        "type": "if",
        "locations": [
          {
            "start": { "line": 18, "column": 2 },
            "end": { "line": 20, "column": 3 }
          },
          { "start": {}, "end": {} }
        ],
        "line": 18
      },
      "2": {
        "loc": {
          "start": { "line": 18, "column": 6 },
          "end": { "line": 18, "column": 59 }
        },
        "type": "binary-expr",
        "locations": [
          {
            "start": { "line": 18, "column": 6 },
            "end": { "line": 18, "column": 9 }
          },
          {
            "start": { "line": 18, "column": 13 },
            "end": { "line": 18, "column": 23 }
          },
          {
            "start": { "line": 18, "column": 27 },
            "end": { "line": 18, "column": 39 }
          },
          {
            "start": { "line": 18, "column": 43 },
            "end": { "line": 18, "column": 59 }
          }
        ],
        "line": 18
      },
      "3": {
        "loc": {
          "start": { "line": 24, "column": 2 },
          "end": { "line": 26, "column": 3 }
        },
        "type": "if",
        "locations": [
          {
            "start": { "line": 24, "column": 2 },
            "end": { "line": 26, "column": 3 }
          },
          { "start": {}, "end": {} }
        ],
        "line": 24
      },
      "4": {
        "loc": {
          "start": { "line": 35, "column": 2 },
          "end": { "line": 37, "column": 3 }
        },
        "type": "if",
        "locations": [
          {
            "start": { "line": 35, "column": 2 },
            "end": { "line": 37, "column": 3 }
          },
          { "start": {}, "end": {} }
        ],
        "line": 35
      },
      "5": {
        "loc": {
          "start": { "line": 46, "column": 2 },
          "end": { "line": 52, "column": 3 }
        },
        "type": "if",
        "locations": [
          {
            "start": { "line": 46, "column": 2 },
            "end": { "line": 52, "column": 3 }
          },
          {
            "start": { "line": 50, "column": 9 },
            "end": { "line": 52, "column": 3 }
          }
        ],
        "line": 46
      }
    },
    "s": {
      "0": 1,
      "1": 6,
      "2": 1,
      "3": 5,
      "4": 5,
      "5": 1,
      "6": 4,
      "7": 4,
      "8": 1,
      "9": 3,
      "10": 1,
      "11": 6,
      "12": 6,
      "13": 3,
      "14": 3,
      "15": 3,
      "16": 1,
      "17": 1,
      "18": 2,
      "19": 1,
      "20": 1,
      "21": 1,
      "22": 1
    },
    "f": { "0": 6, "1": 6 },
    "b": {
      "0": [1, 5],
      "1": [1, 4],
      "2": [5, 5, 5, 4],
      "3": [1, 3],
      "4": [3, 3],
      "5": [1, 1]
    },
    "_coverageSchema": "1a1c01bbd47fc00a2c39e90264f33305004495a9",
    "hash": "5d51471c4fc99803fc08b10a8d6b36056c96ceda"
  },
  "/Users/abrahamtorres/Documents/repositorios/chiyo_test/src/services/airTable/aireTableStorage.js": {
    "path": "/Users/abrahamtorres/Documents/repositorios/chiyo_test/src/services/airTable/aireTableStorage.js",
    "statementMap": {
      "0": {
        "start": { "line": 1, "column": 31 },
        "end": { "line": 36, "column": 1 }
      },
      "1": {
        "start": { "line": 7, "column": 18 },
        "end": { "line": 14, "column": 3 }
      },
      "2": {
        "start": { "line": 16, "column": 19 },
        "end": { "line": 23, "column": 4 }
      },
      "3": {
        "start": { "line": 25, "column": 2 },
        "end": { "line": 31, "column": 3 }
      },
      "4": {
        "start": { "line": 26, "column": 4 },
        "end": { "line": 29, "column": 6 }
      },
      "5": {
        "start": { "line": 30, "column": 4 },
        "end": { "line": 30, "column": 16 }
      },
      "6": {
        "start": { "line": 34, "column": 20 },
        "end": { "line": 34, "column": 41 }
      },
      "7": {
        "start": { "line": 35, "column": 2 },
        "end": { "line": 35, "column": 22 }
      }
    },
    "fnMap": {
      "0": {
        "name": "(anonymous_0)",
        "decl": {
          "start": { "line": 1, "column": 31 },
          "end": { "line": 1, "column": 32 }
        },
        "loc": {
          "start": { "line": 6, "column": 6 },
          "end": { "line": 36, "column": 1 }
        },
        "line": 6
      }
    },
    "branchMap": {
      "0": {
        "loc": {
          "start": { "line": 25, "column": 2 },
          "end": { "line": 31, "column": 3 }
        },
        "type": "if",
        "locations": [
          {
            "start": { "line": 25, "column": 2 },
            "end": { "line": 31, "column": 3 }
          },
          { "start": {}, "end": {} }
        ],
        "line": 25
      }
    },
    "s": { "0": 1, "1": 2, "2": 2, "3": 2, "4": 1, "5": 1, "6": 1, "7": 1 },
    "f": { "0": 2 },
    "b": { "0": [1, 1] },
    "_coverageSchema": "1a1c01bbd47fc00a2c39e90264f33305004495a9",
    "hash": "770db049e2aaf32d5fafd4c0d286640318b1419e"
  }
}
