{
  "/Users/abrahamtorres/Documents/repositorios/chiyo_test/src/constants/error_messages.js": {
    "path": "/Users/abrahamtorres/Documents/repositorios/chiyo_test/src/constants/error_messages.js",
    "statementMap": {
      "0": {
        "start": { "line": 1, "column": 38 },
        "end": { "line": 1, "column": 54 }
      },
      "1": {
        "start": { "line": 3, "column": 2 },
        "end": { "line": 3, "column": 82 }
      },
      "2": {
        "start": { "line": 5, "column": 2 },
        "end": { "line": 5, "column": 122 }
      },
      "3": {
        "start": { "line": 7, "column": 2 },
        "end": { "line": 7, "column": 101 }
      },
      "4": {
        "start": { "line": 9, "column": 2 },
        "end": { "line": 9, "column": 45 }
      },
      "5": {
        "start": { "line": 11, "column": 2 },
        "end": { "line": 11, "column": 83 }
      },
      "6": {
        "start": { "line": 13, "column": 2 },
        "end": { "line": 13, "column": 100 }
      }
    },
    "fnMap": {},
    "branchMap": {},
    "s": { "0": 1, "1": 1, "2": 1, "3": 1, "4": 1, "5": 1, "6": 1 },
    "f": {},
    "b": {},
    "_coverageSchema": "1a1c01bbd47fc00a2c39e90264f33305004495a9",
    "hash": "82867c665b07e9ad90491a88a2e1174b833838a2"
  },
  "/Users/abrahamtorres/Documents/repositorios/chiyo_test/src/controllers/ping.js": {
    "path": "/Users/abrahamtorres/Documents/repositorios/chiyo_test/src/controllers/ping.js",
    "statementMap": {
      "0": {
        "start": { "line": 1, "column": 13 },
        "end": { "line": 6, "column": 1 }
      },
      "1": {
        "start": { "line": 2, "column": 2 },
        "end": { "line": 2, "column": 62 }
      },
      "2": {
        "start": { "line": 3, "column": 2 },
        "end": { "line": 5, "column": 5 }
      }
    },
    "fnMap": {
      "0": {
        "name": "(anonymous_0)",
        "decl": {
          "start": { "line": 1, "column": 13 },
          "end": { "line": 1, "column": 14 }
        },
        "loc": {
          "start": { "line": 1, "column": 27 },
          "end": { "line": 6, "column": 1 }
        },
        "line": 1
      }
    },
    "branchMap": {},
    "s": { "0": 1, "1": 1, "2": 1 },
    "f": { "0": 1 },
    "b": {},
    "_coverageSchema": "1a1c01bbd47fc00a2c39e90264f33305004495a9",
    "hash": "6728c1940a26b4da968eb36f4fcf633a5322c417"
  },
  "/Users/abrahamtorres/Documents/repositorios/chiyo_test/src/middlewares/session.js": {
    "path": "/Users/abrahamtorres/Documents/repositorios/chiyo_test/src/middlewares/session.js",
    "statementMap": {
      "0": {
        "start": { "line": 11, "column": 22 },
        "end": { "line": 29, "column": 1 }
      },
      "1": {
        "start": { "line": 12, "column": 2 },
        "end": { "line": 14, "column": 3 }
      },
      "2": {
        "start": { "line": 13, "column": 4 },
        "end": { "line": 13, "column": 68 }
      },
      "3": {
        "start": { "line": 16, "column": 58 },
        "end": { "line": 16, "column": 62 }
      },
      "4": {
        "start": { "line": 18, "column": 2 },
        "end": { "line": 20, "column": 3 }
      },
      "5": {
        "start": { "line": 19, "column": 4 },
        "end": { "line": 19, "column": 75 }
      },
      "6": {
        "start": { "line": 22, "column": 15 },
        "end": { "line": 22, "column": 48 }
      },
      "7": {
        "start": { "line": 24, "column": 2 },
        "end": { "line": 26, "column": 3 }
      },
      "8": {
        "start": { "line": 25, "column": 4 },
        "end": { "line": 25, "column": 74 }
      },
      "9": {
        "start": { "line": 28, "column": 2 },
        "end": { "line": 28, "column": 27 }
      },
      "10": {
        "start": { "line": 31, "column": 22 },
        "end": { "line": 52, "column": 1 }
      },
      "11": {
        "start": { "line": 32, "column": 36 },
        "end": { "line": 32, "column": 59 }
      },
      "12": {
        "start": { "line": 34, "column": 2 },
        "end": { "line": 36, "column": 3 }
      },
      "13": {
        "start": { "line": 35, "column": 4 },
        "end": { "line": 35, "column": 46 }
      },
      "14": {
        "start": { "line": 38, "column": 2 },
        "end": { "line": 51, "column": 3 }
      },
      "15": {
        "start": { "line": 39, "column": 28 },
        "end": { "line": 39, "column": 56 }
      },
      "16": {
        "start": { "line": 41, "column": 4 },
        "end": { "line": 47, "column": 5 }
      },
      "17": {
        "start": { "line": 42, "column": 6 },
        "end": { "line": 42, "column": 62 }
      },
      "18": {
        "start": { "line": 43, "column": 6 },
        "end": { "line": 43, "column": 36 }
      },
      "19": {
        "start": { "line": 44, "column": 6 },
        "end": { "line": 44, "column": 13 }
      },
      "20": {
        "start": { "line": 46, "column": 6 },
        "end": { "line": 46, "column": 59 }
      },
      "21": {
        "start": { "line": 49, "column": 4 },
        "end": { "line": 49, "column": 57 }
      },
      "22": {
        "start": { "line": 50, "column": 4 },
        "end": { "line": 50, "column": 48 }
      }
    },
    "fnMap": {
      "0": {
        "name": "(anonymous_0)",
        "decl": {
          "start": { "line": 11, "column": 22 },
          "end": { "line": 11, "column": 23 }
        },
        "loc": {
          "start": { "line": 11, "column": 32 },
          "end": { "line": 29, "column": 1 }
        },
        "line": 11
      },
      "1": {
        "name": "(anonymous_1)",
        "decl": {
          "start": { "line": 31, "column": 22 },
          "end": { "line": 31, "column": 23 }
        },
        "loc": {
          "start": { "line": 31, "column": 48 },
          "end": { "line": 52, "column": 1 }
        },
        "line": 31
      }
    },
    "branchMap": {
      "0": {
        "loc": {
          "start": { "line": 12, "column": 2 },
          "end": { "line": 14, "column": 3 }
        },
        "type": "if",
        "locations": [
          {
            "start": { "line": 12, "column": 2 },
            "end": { "line": 14, "column": 3 }
          },
          { "start": {}, "end": {} }
        ],
        "line": 12
      },
      "1": {
        "loc": {
          "start": { "line": 18, "column": 2 },
          "end": { "line": 20, "column": 3 }
        },
        "type": "if",
        "locations": [
          {
            "start": { "line": 18, "column": 2 },
            "end": { "line": 20, "column": 3 }
          },
          { "start": {}, "end": {} }
        ],
        "line": 18
      },
      "2": {
        "loc": {
          "start": { "line": 18, "column": 6 },
          "end": { "line": 18, "column": 59 }
        },
        "type": "binary-expr",
        "locations": [
          {
            "start": { "line": 18, "column": 6 },
            "end": { "line": 18, "column": 9 }
          },
          {
            "start": { "line": 18, "column": 13 },
            "end": { "line": 18, "column": 23 }
          },
          {
            "start": { "line": 18, "column": 27 },
            "end": { "line": 18, "column": 39 }
          },
          {
            "start": { "line": 18, "column": 43 },
            "end": { "line": 18, "column": 59 }
          }
        ],
        "line": 18
      },
      "3": {
        "loc": {
          "start": { "line": 24, "column": 2 },
          "end": { "line": 26, "column": 3 }
        },
        "type": "if",
        "locations": [
          {
            "start": { "line": 24, "column": 2 },
            "end": { "line": 26, "column": 3 }
          },
          { "start": {}, "end": {} }
        ],
        "line": 24
      },
      "4": {
        "loc": {
          "start": { "line": 34, "column": 2 },
          "end": { "line": 36, "column": 3 }
        },
        "type": "if",
        "locations": [
          {
            "start": { "line": 34, "column": 2 },
            "end": { "line": 36, "column": 3 }
          },
          { "start": {}, "end": {} }
        ],
        "line": 34
      },
      "5": {
        "loc": {
          "start": { "line": 41, "column": 4 },
          "end": { "line": 47, "column": 5 }
        },
        "type": "if",
        "locations": [
          {
            "start": { "line": 41, "column": 4 },
            "end": { "line": 47, "column": 5 }
          },
          {
            "start": { "line": 45, "column": 11 },
            "end": { "line": 47, "column": 5 }
          }
        ],
        "line": 41
      },
      "6": {
        "loc": {
          "start": { "line": 41, "column": 8 },
          "end": { "line": 41, "column": 22 }
        },
        "type": "binary-expr",
        "locations": [
          {
            "start": { "line": 41, "column": 8 },
            "end": { "line": 41, "column": 12 }
          },
          {
            "start": { "line": 41, "column": 16 },
            "end": { "line": 41, "column": 22 }
          }
        ],
        "line": 41
      }
    },
    "s": {
      "0": 1,
      "1": 6,
      "2": 1,
      "3": 5,
      "4": 5,
      "5": 1,
      "6": 4,
      "7": 4,
      "8": 1,
      "9": 3,
      "10": 1,
      "11": 6,
      "12": 6,
      "13": 3,
      "14": 3,
      "15": 3,
      "16": 2,
      "17": 1,
      "18": 1,
      "19": 1,
      "20": 1,
      "21": 1,
      "22": 1
    },
    "f": { "0": 6, "1": 6 },
    "b": {
      "0": [1, 5],
      "1": [1, 4],
      "2": [5, 5, 5, 4],
      "3": [1, 3],
      "4": [3, 3],
      "5": [1, 1],
      "6": [2, 1]
    },
    "_coverageSchema": "1a1c01bbd47fc00a2c39e90264f33305004495a9",
    "hash": "deca5c317ddd8828977ccd6b473183b1d278147a"
  },
  "/Users/abrahamtorres/Documents/repositorios/chiyo_test/src/services/airTable/aireTableStorage.js": {
    "path": "/Users/abrahamtorres/Documents/repositorios/chiyo_test/src/services/airTable/aireTableStorage.js",
    "statementMap": {
      "0": {
        "start": { "line": 1, "column": 14 },
        "end": { "line": 37, "column": 1 }
      },
      "1": {
        "start": { "line": 2, "column": 18 },
        "end": { "line": 9, "column": 3 }
      },
      "2": {
        "start": { "line": 11, "column": 19 },
        "end": { "line": 18, "column": 4 }
      },
      "3": {
        "start": { "line": 20, "column": 2 },
        "end": { "line": 29, "column": 3 }
      },
      "4": {
        "start": { "line": 21, "column": 4 },
        "end": { "line": 24, "column": 6 }
      },
      "5": {
        "start": { "line": 25, "column": 4 },
        "end": { "line": 28, "column": 6 }
      },
      "6": {
        "start": { "line": 32, "column": 20 },
        "end": { "line": 32, "column": 41 }
      },
      "7": {
        "start": { "line": 33, "column": 2 },
        "end": { "line": 36, "column": 4 }
      },
      "8": {
        "start": { "line": 39, "column": 13 },
        "end": { "line": 69, "column": 1 }
      },
      "9": {
        "start": { "line": 40, "column": 19 },
        "end": { "line": 49, "column": 3 }
      },
      "10": {
        "start": { "line": 52, "column": 2 },
        "end": { "line": 61, "column": 3 }
      },
      "11": {
        "start": { "line": 53, "column": 4 },
        "end": { "line": 56, "column": 6 }
      },
      "12": {
        "start": { "line": 57, "column": 4 },
        "end": { "line": 60, "column": 6 }
      },
      "13": {
        "start": { "line": 64, "column": 15 },
        "end": { "line": 64, "column": 36 }
      },
      "14": {
        "start": { "line": 65, "column": 2 },
        "end": { "line": 68, "column": 4 }
      }
    },
    "fnMap": {
      "0": {
        "name": "(anonymous_0)",
        "decl": {
          "start": { "line": 1, "column": 14 },
          "end": { "line": 1, "column": 15 }
        },
        "loc": {
          "start": { "line": 1, "column": 73 },
          "end": { "line": 37, "column": 1 }
        },
        "line": 1
      },
      "1": {
        "name": "(anonymous_1)",
        "decl": {
          "start": { "line": 39, "column": 13 },
          "end": { "line": 39, "column": 14 }
        },
        "loc": {
          "start": { "line": 39, "column": 35 },
          "end": { "line": 69, "column": 1 }
        },
        "line": 39
      }
    },
    "branchMap": {
      "0": {
        "loc": {
          "start": { "line": 20, "column": 2 },
          "end": { "line": 29, "column": 3 }
        },
        "type": "if",
        "locations": [
          {
            "start": { "line": 20, "column": 2 },
            "end": { "line": 29, "column": 3 }
          },
          { "start": {}, "end": {} }
        ],
        "line": 20
      },
      "1": {
        "loc": {
          "start": { "line": 52, "column": 2 },
          "end": { "line": 61, "column": 3 }
        },
        "type": "if",
        "locations": [
          {
            "start": { "line": 52, "column": 2 },
            "end": { "line": 61, "column": 3 }
          },
          { "start": {}, "end": {} }
        ],
        "line": 52
      }
    },
    "s": {
      "0": 1,
      "1": 2,
      "2": 2,
      "3": 2,
      "4": 1,
      "5": 1,
      "6": 1,
      "7": 1,
      "8": 1,
      "9": 2,
      "10": 2,
      "11": 1,
      "12": 1,
      "13": 1,
      "14": 1
    },
    "f": { "0": 2, "1": 2 },
    "b": { "0": [1, 1], "1": [1, 1] },
    "_coverageSchema": "1a1c01bbd47fc00a2c39e90264f33305004495a9",
    "hash": "0a9893e8a0cb784ada4469994a8719abedec64a4"
  }
}
