TN:
SF:src/constants/error_messages.js
FNF:0
FNH:0
DA:1,1
DA:3,1
DA:5,1
DA:7,1
DA:9,1
DA:11,1
DA:13,1
LF:7
LH:7
BRF:0
BRH:0
end_of_record
TN:
SF:src/controllers/ping.js
FN:1,(anonymous_0)
FNF:1
FNH:1
FNDA:1,(anonymous_0)
DA:1,1
DA:2,1
DA:3,1
LF:3
LH:3
BRF:0
BRH:0
end_of_record
TN:
SF:src/middlewares/session.js
FN:11,(anonymous_0)
FN:31,(anonymous_1)
FNF:2
FNH:2
FNDA:6,(anonymous_0)
FNDA:6,(anonymous_1)
DA:11,1
DA:12,6
DA:13,1
DA:16,5
DA:18,5
DA:19,1
DA:22,4
DA:24,4
DA:25,1
DA:28,3
DA:31,1
DA:32,6
DA:34,6
DA:35,3
DA:38,3
DA:39,3
DA:41,2
DA:42,1
DA:43,1
DA:44,1
DA:46,1
DA:49,1
DA:50,1
LF:23
LH:23
BRDA:12,0,0,1
BRDA:12,0,1,5
BRDA:18,1,0,1
BRDA:18,1,1,4
BRDA:18,2,0,5
BRDA:18,2,1,5
BRDA:18,2,2,5
BRDA:18,2,3,4
BRDA:24,3,0,1
BRDA:24,3,1,3
BRDA:34,4,0,3
BRDA:34,4,1,3
BRDA:41,5,0,1
BRDA:41,5,1,1
BRDA:41,6,0,2
BRDA:41,6,1,1
BRF:16
BRH:16
end_of_record
TN:
SF:src/services/airTable/aireTableStorage.js
FN:1,(anonymous_0)
FN:44,(anonymous_1)
FNF:2
FNH:2
FNDA:2,(anonymous_0)
FNDA:2,(anonymous_1)
DA:1,1
DA:7,2
DA:16,2
DA:25,2
DA:26,1
DA:30,1
DA:37,1
DA:38,1
DA:44,1
DA:45,2
DA:57,2
DA:58,1
DA:62,1
DA:69,1
DA:70,1
LF:15
LH:15
BRDA:25,0,0,1
BRDA:25,0,1,1
BRDA:57,1,0,1
BRDA:57,1,1,1
BRF:4
BRH:4
end_of_record
